Compilación iniciada a las 17/11/2017 9:43:02.
     1>Proyecto "D:\Users\alazaro\Documents\GitHub\Qt-and-SFML\QtGuiApplication1.vcxproj" en el nodo 2 (Build destinos).
     1>CustomBuild:
         Uic'ing QtGuiApplication1.ui...
     1>C:\Program Files (x86)\MSBuild\Microsoft.Cpp\v4.0\V120\Microsoft.CppBuild.targets(935,5): warning MSB8027: Two or more files with the name of moc_QtGuiApplication1.cpp will produce outputs to the same location. This can lead to an incorrect build result.  The files involved are GeneratedFiles\Debug\moc_QtGuiApplication1.cpp, GeneratedFiles\Release\moc_QtGuiApplication1.cpp.
       ClCompile:
         C:\Program Files (x86)\Microsoft Visual Studio 12.0\VC\bin\CL.exe /c /I"D:\Users\alazaro\Documents\GitHub\Qt-and-SFML\packages\sfml-graphics.2.4.2.0\build\native\../..//build/native/include/" /I"D:\Users\alazaro\Documents\GitHub\Qt-and-SFML\packages\sfml-window.2.4.2.0\build\native\../..//build/native/include/" /I"D:\Users\alazaro\Documents\GitHub\Qt-and-SFML\packages\sfml-system.2.4.2.0\build\native\../..//build/native/include/" /I.\GeneratedFiles /I. /IC:\Qt\Qt5.7.0\5.7\msvc2013\\include /I.\GeneratedFiles\Debug /IC:\Qt\Qt5.7.0\5.7\msvc2013\\include\QtCore /IC:\Qt\Qt5.7.0\5.7\msvc2013\\include\QtGui /IC:\Qt\Qt5.7.0\5.7\msvc2013\\include\QtWidgets /Zi /nologo /W1 /WX- /Od /Oy- /D HAS_SFML /D HAS_SFML /D HAS_SFML /D UNICODE /D WIN32 /D WIN64 /D QT_DLL /D QT_CORE_LIB /D QT_GUI_LIB /D QT_WIDGETS_LIB /Gm- /EHsc /MDd /GS /fp:precise /Zc:wchar_t /Zc:forScope /Fo"Debug\\" /Fd"Debug\vc120.pdb" /Gd /TP /analyze- /errorReport:prompt GeneratedFiles\Debug\moc_QtGuiApplication1.cpp QtGuiApplication1.cpp main.cpp
         moc_QtGuiApplication1.cpp
         QtGuiApplication1.cpp
         main.cpp
         Generando código...
       Link:
         C:\Program Files (x86)\Microsoft Visual Studio 12.0\VC\bin\link.exe /ERRORREPORT:PROMPT /OUT:"D:\Users\alazaro\Documents\GitHub\Qt-and-SFML\Win32\Debug\\QtGuiApplication1.exe" /NOLOGO /LIBPATH:C:\Qt\Qt5.7.0\5.7\msvc2013\\lib "D:\Users\alazaro\Documents\GitHub\Qt-and-SFML\packages\sfml-graphics.2.4.2.0\build\native\../..//build/native/lib/Win32\v120\Debug\dynamic\sfml-graphics-d.lib" "D:\Users\alazaro\Documents\GitHub\Qt-and-SFML\packages\sfml-window.2.4.2.0\build\native\../..//build/native/lib/Win32\v120\Debug\dynamic\sfml-window-d.lib" "D:\Users\alazaro\Documents\GitHub\Qt-and-SFML\packages\sfml-system.2.4.2.0\build\native\../..//build/native/lib/Win32\vorbisfile.lib" "D:\Users\alazaro\Documents\GitHub\Qt-and-SFML\packages\sfml-system.2.4.2.0\build\native\../..//build/native/lib/Win32\vorbisenc.lib" "D:\Users\alazaro\Documents\GitHub\Qt-and-SFML\packages\sfml-system.2.4.2.0\build\native\../..//build/native/lib/Win32\vorbis.lib" "D:\Users\alazaro\Documents\GitHub\Qt-and-SFML\packages\sfml-system.2.4.2.0\build\native\../..//build/native/lib/Win32\openal32.lib" "D:\Users\alazaro\Documents\GitHub\Qt-and-SFML\packages\sfml-system.2.4.2.0\build\native\../..//build/native/lib/Win32\ogg.lib" "D:\Users\alazaro\Documents\GitHub\Qt-and-SFML\packages\sfml-system.2.4.2.0\build\native\../..//build/native/lib/Win32\jpeg.lib" "D:\Users\alazaro\Documents\GitHub\Qt-and-SFML\packages\sfml-system.2.4.2.0\build\native\../..//build/native/lib/Win32\freetype.lib" "D:\Users\alazaro\Documents\GitHub\Qt-and-SFML\packages\sfml-system.2.4.2.0\build\native\../..//build/native/lib/Win32\flac.lib" "D:\Users\alazaro\Documents\GitHub\Qt-and-SFML\packages\sfml-system.2.4.2.0\build\native\../..//build/native/lib/Win32\v120\Debug\dynamic\sfml-system-d.lib" "D:\Users\alazaro\Documents\GitHub\Qt-and-SFML\packages\sfml-system.2.4.2.0\build\native\../..//build/native/lib/Win32\v120\Debug\sfml-main-d.lib" qtmaind.lib Qt5Cored.lib Qt5Guid.lib Qt5Widgetsd.lib kernel32.lib user32.lib gdi32.lib winspool.lib comdlg32.lib advapi32.lib shell32.lib ole32.lib oleaut32.lib uuid.lib odbc32.lib odbccp32.lib /MANIFEST /MANIFESTUAC:"level='asInvoker' uiAccess='false'" /manifest:embed /DEBUG /PDB:"D:\Users\alazaro\Documents\GitHub\Qt-and-SFML\Win32\Debug\QtGuiApplication1.pdb" /SUBSYSTEM:WINDOWS /TLBID:1 /DYNAMICBASE /NXCOMPAT /IMPLIB:"D:\Users\alazaro\Documents\GitHub\Qt-and-SFML\Win32\Debug\QtGuiApplication1.lib" /MACHINE:X86 /SAFESEH Debug\moc_QtGuiApplication1.obj
         Debug\qrc_QtGuiApplication1.obj
         Debug\main.obj
         Debug\QSFMLCanvas.obj
         Debug\QtGuiApplication1.obj
         QtGuiApplication1.vcxproj -> D:\Users\alazaro\Documents\GitHub\Qt-and-SFML\Win32\Debug\QtGuiApplication1.exe
     1>Compilación del proyecto terminada "D:\Users\alazaro\Documents\GitHub\Qt-and-SFML\QtGuiApplication1.vcxproj" (Build destinos).

Compilación correcta.

Tiempo transcurrido 00:00:03.83
