d:\users\alazaro\documents\visual studio 2013\projects\qtguiapplication1\debug\vc120.pdb
d:\users\alazaro\documents\visual studio 2013\projects\qtguiapplication1\debug\qtguiapplication1.obj
d:\users\alazaro\documents\visual studio 2013\projects\qtguiapplication1\debug\qsfmlcanvas.obj
d:\users\alazaro\documents\visual studio 2013\projects\qtguiapplication1\debug\main.obj
d:\users\alazaro\documents\visual studio 2013\projects\qtguiapplication1\debug\moc_qtguiapplication1.obj
d:\users\alazaro\documents\visual studio 2013\projects\qtguiapplication1\debug\qrc_qtguiapplication1.obj
d:\users\alazaro\documents\visual studio 2013\projects\qtguiapplication1\generatedfiles\debug\moc_qtguiapplication1.cpp
d:\users\alazaro\documents\visual studio 2013\projects\qtguiapplication1\generatedfiles\ui_qtguiapplication1.h
d:\users\alazaro\documents\visual studio 2013\projects\qtguiapplication1\generatedfiles\qrc_qtguiapplication1.cpp
d:\users\alazaro\documents\visual studio 2013\projects\qtguiapplication1\win32\debug\qtguiapplication1.ilk
d:\users\alazaro\documents\visual studio 2013\projects\qtguiapplication1\win32\debug\qtguiapplication1.exe
d:\users\alazaro\documents\visual studio 2013\projects\qtguiapplication1\win32\debug\qtguiapplication1.pdb
d:\users\alazaro\documents\visual studio 2013\projects\qtguiapplication1\win32\debug\qtguiapplication1.lib
d:\users\alazaro\documents\visual studio 2013\projects\qtguiapplication1\win32\debug\qtguiapplication1.exp
d:\users\alazaro\documents\visual studio 2013\projects\qtguiapplication1\debug\qtguiapp.b12702ad.tlog\cl.command.1.tlog
d:\users\alazaro\documents\visual studio 2013\projects\qtguiapplication1\debug\qtguiapp.b12702ad.tlog\cl.read.1.tlog
d:\users\alazaro\documents\visual studio 2013\projects\qtguiapplication1\debug\qtguiapp.b12702ad.tlog\cl.write.1.tlog
d:\users\alazaro\documents\visual studio 2013\projects\qtguiapplication1\debug\qtguiapp.b12702ad.tlog\custombuild.command.1.tlog
d:\users\alazaro\documents\visual studio 2013\projects\qtguiapplication1\debug\qtguiapp.b12702ad.tlog\custombuild.read.1.tlog
d:\users\alazaro\documents\visual studio 2013\projects\qtguiapplication1\debug\qtguiapp.b12702ad.tlog\custombuild.write.1.tlog
d:\users\alazaro\documents\visual studio 2013\projects\qtguiapplication1\debug\qtguiapp.b12702ad.tlog\link.command.1.tlog
d:\users\alazaro\documents\visual studio 2013\projects\qtguiapplication1\debug\qtguiapp.b12702ad.tlog\link.read.1.tlog
d:\users\alazaro\documents\visual studio 2013\projects\qtguiapplication1\debug\qtguiapp.b12702ad.tlog\link.write.1.tlog
d:\users\alazaro\documents\visual studio 2013\projects\qtguiapplication1\debug\qtguiapp.b12702ad.tlog\qtguiapplication1.write.1u.tlog
